Copyright 1986-2022 Xilinx, Inc. All Rights Reserved.
------------------------------------------------------------------------------------
| Tool Version : Vivado v.2022.1 (lin64) Build 3526262 Mon Apr 18 15:47:01 MDT 2022
| Date         : Mon Nov 14 09:29:41 2022
| Host         : dhd running 64-bit Ubuntu 20.04.3 LTS
| Command      : report_control_sets -verbose -file MATMUL_control_sets_placed.rpt
| Design       : MATMUL
| Device       : xc7a35t
------------------------------------------------------------------------------------

Control Set Information

Table of Contents
-----------------
1. Summary
2. Histogram
3. Flip-Flop Distribution
4. Detailed Control Set Information

1. Summary
----------

+----------------------------------------------------------+-------+
|                          Status                          | Count |
+----------------------------------------------------------+-------+
| Total control sets                                       |    74 |
|    Minimum number of control sets                        |    74 |
|    Addition due to synthesis replication                 |     0 |
|    Addition due to physical synthesis replication        |     0 |
| Unused register locations in slices containing registers |     1 |
+----------------------------------------------------------+-------+
* Control sets can be merged at opt_design using control_set_merge or merge_equivalent_drivers
** Run report_qor_suggestions for automated merging and remapping suggestions


2. Histogram
------------

+--------------------+-------+
|       Fanout       | Count |
+--------------------+-------+
| Total control sets |    74 |
| >= 0 to < 4        |     0 |
| >= 4 to < 6        |     0 |
| >= 6 to < 8        |     0 |
| >= 8 to < 10       |     0 |
| >= 10 to < 12      |     0 |
| >= 12 to < 14      |     0 |
| >= 14 to < 16      |     0 |
| >= 16              |    74 |
+--------------------+-------+
* Control sets can be remapped at either synth_design or opt_design


3. Flip-Flop Distribution
-------------------------

+--------------+-----------------------+------------------------+-----------------+--------------+
| Clock Enable | Synchronous Set/Reset | Asynchronous Set/Reset | Total Registers | Total Slices |
+--------------+-----------------------+------------------------+-----------------+--------------+
| No           | No                    | No                     |             247 |          148 |
| No           | No                    | Yes                    |               0 |            0 |
| No           | Yes                   | No                     |              32 |            8 |
| Yes          | No                    | No                     |             160 |           59 |
| Yes          | No                    | Yes                    |               0 |            0 |
| Yes          | Yes                   | No                     |              32 |            8 |
+--------------+-----------------------+------------------------+-----------------+--------------+


4. Detailed Control Set Information
-----------------------------------

+----------------+------------------------------------------------------------------------------------------+-----------------------+------------------+----------------+--------------+
|  Clock Signal  |                                       Enable Signal                                      |    Set/Reset Signal   | Slice Load Count | Bel Load Count | Bels / Slice |
+----------------+------------------------------------------------------------------------------------------+-----------------------+------------------+----------------+--------------+
|  clk_IBUF_BUFG | mainfsm/cur_state_reg[0]_0[0]                                                            |                       |                5 |             16 |         3.20 |
|  clk_IBUF_BUFG | mainfsm/Q[0]                                                                             |                       |               10 |             16 |         1.60 |
|  clk_IBUF_BUFG | mainfsm/E[0]                                                                             |                       |               16 |             16 |         1.00 |
|  clk_IBUF_BUFG | mainfsm/cur_state_reg[1]_0                                                               |                       |                4 |             16 |         4.00 |
|  clk_IBUF_BUFG |                                                                                          | mainfsm/Disp/ck/clear |                8 |             32 |         4.00 |
|  clk_IBUF_BUFG | mainfsm/count2[0]_i_1_n_0                                                                | mainfsm/RSTC          |                8 |             32 |         4.00 |
|  clk_IBUF_BUFG | mainfsm/count2[0]_i_1_n_0                                                                |                       |                8 |             32 |         4.00 |
|  clk_IBUF_BUFG | mainfsm/CEA2                                                                             |                       |                8 |             32 |         4.00 |
|  clk_IBUF_BUFG | mainfsm/RSTC                                                                             |                       |                8 |             32 |         4.00 |
|  clk_IBUF_BUFG | RAM/U0/synth_options.dist_mem_inst/gen_sp_ram.spram_inst/ram_reg_3584_3839_0_0_i_1_n_0   |                       |               16 |             64 |         4.00 |
|  clk_IBUF_BUFG | RAM/U0/synth_options.dist_mem_inst/gen_sp_ram.spram_inst/ram_reg_7168_7423_0_0_i_1_n_0   |                       |               16 |             64 |         4.00 |
|  clk_IBUF_BUFG | RAM/U0/synth_options.dist_mem_inst/gen_sp_ram.spram_inst/ram_reg_8704_8959_0_0_i_1_n_0   |                       |               16 |             64 |         4.00 |
|  clk_IBUF_BUFG | RAM/U0/synth_options.dist_mem_inst/gen_sp_ram.spram_inst/ram_reg_6144_6399_0_0_i_1_n_0   |                       |               16 |             64 |         4.00 |
|  clk_IBUF_BUFG | RAM/U0/synth_options.dist_mem_inst/gen_sp_ram.spram_inst/ram_reg_7936_8191_0_0_i_1_n_0   |                       |               16 |             64 |         4.00 |
|  clk_IBUF_BUFG | RAM/U0/synth_options.dist_mem_inst/gen_sp_ram.spram_inst/ram_reg_2560_2815_0_0_i_1_n_0   |                       |               16 |             64 |         4.00 |
|  clk_IBUF_BUFG | RAM/U0/synth_options.dist_mem_inst/gen_sp_ram.spram_inst/ram_reg_768_1023_0_0_i_1_n_0    |                       |               16 |             64 |         4.00 |
|  clk_IBUF_BUFG | RAM/U0/synth_options.dist_mem_inst/gen_sp_ram.spram_inst/ram_reg_256_511_0_0_i_1_n_0     |                       |               16 |             64 |         4.00 |
|  clk_IBUF_BUFG | RAM/U0/synth_options.dist_mem_inst/gen_sp_ram.spram_inst/ram_reg_7680_7935_0_0_i_1_n_0   |                       |               16 |             64 |         4.00 |
|  clk_IBUF_BUFG | RAM/U0/synth_options.dist_mem_inst/gen_sp_ram.spram_inst/ram_reg_4864_5119_0_0_i_1_n_0   |                       |               16 |             64 |         4.00 |
|  clk_IBUF_BUFG | RAM/U0/synth_options.dist_mem_inst/gen_sp_ram.spram_inst/ram_reg_6656_6911_0_0_i_1_n_0   |                       |               16 |             64 |         4.00 |
|  clk_IBUF_BUFG | RAM/U0/synth_options.dist_mem_inst/gen_sp_ram.spram_inst/ram_reg_8448_8703_0_0_i_1_n_0   |                       |               16 |             64 |         4.00 |
|  clk_IBUF_BUFG | RAM/U0/synth_options.dist_mem_inst/gen_sp_ram.spram_inst/ram_reg_8960_9215_0_0_i_1_n_0   |                       |               16 |             64 |         4.00 |
|  clk_IBUF_BUFG | RAM/U0/synth_options.dist_mem_inst/gen_sp_ram.spram_inst/ram_reg_4608_4863_0_0_i_1_n_0   |                       |               16 |             64 |         4.00 |
|  clk_IBUF_BUFG | RAM/U0/synth_options.dist_mem_inst/gen_sp_ram.spram_inst/ram_reg_5888_6143_0_0_i_1_n_0   |                       |               16 |             64 |         4.00 |
|  clk_IBUF_BUFG | RAM/U0/synth_options.dist_mem_inst/gen_sp_ram.spram_inst/ram_reg_7424_7679_0_0_i_1_n_0   |                       |               16 |             64 |         4.00 |
|  clk_IBUF_BUFG | RAM/U0/synth_options.dist_mem_inst/gen_sp_ram.spram_inst/ram_reg_5376_5631_0_0_i_1_n_0   |                       |               16 |             64 |         4.00 |
|  clk_IBUF_BUFG | RAM/U0/synth_options.dist_mem_inst/gen_sp_ram.spram_inst/ram_reg_2816_3071_0_0_i_1_n_0   |                       |               16 |             64 |         4.00 |
|  clk_IBUF_BUFG | RAM/U0/synth_options.dist_mem_inst/gen_sp_ram.spram_inst/ram_reg_3328_3583_0_0_i_1_n_0   |                       |               16 |             64 |         4.00 |
|  clk_IBUF_BUFG | RAM/U0/synth_options.dist_mem_inst/gen_sp_ram.spram_inst/ram_reg_512_767_0_0_i_1_n_0     |                       |               16 |             64 |         4.00 |
|  clk_IBUF_BUFG | RAM/U0/synth_options.dist_mem_inst/gen_sp_ram.spram_inst/ram_reg_3072_3327_0_0_i_1_n_0   |                       |               16 |             64 |         4.00 |
|  clk_IBUF_BUFG | RAM/U0/synth_options.dist_mem_inst/gen_sp_ram.spram_inst/ram_reg_6912_7167_0_0_i_1_n_0   |                       |               16 |             64 |         4.00 |
|  clk_IBUF_BUFG | RAM/U0/synth_options.dist_mem_inst/gen_sp_ram.spram_inst/ram_reg_5632_5887_0_0_i_1_n_0   |                       |               16 |             64 |         4.00 |
|  clk_IBUF_BUFG | RAM/U0/synth_options.dist_mem_inst/gen_sp_ram.spram_inst/ram_reg_4352_4607_0_0_i_1_n_0   |                       |               16 |             64 |         4.00 |
|  clk_IBUF_BUFG | RAM/U0/synth_options.dist_mem_inst/gen_sp_ram.spram_inst/ram_reg_3840_4095_0_0_i_1_n_0   |                       |               16 |             64 |         4.00 |
|  clk_IBUF_BUFG | RAM/U0/synth_options.dist_mem_inst/gen_sp_ram.spram_inst/ram_reg_8192_8447_0_0_i_1_n_0   |                       |               16 |             64 |         4.00 |
|  clk_IBUF_BUFG | RAM/U0/synth_options.dist_mem_inst/gen_sp_ram.spram_inst/ram_reg_6400_6655_0_0_i_1_n_0   |                       |               16 |             64 |         4.00 |
|  clk_IBUF_BUFG | RAM/U0/synth_options.dist_mem_inst/gen_sp_ram.spram_inst/ram_reg_4096_4351_0_0_i_1_n_0   |                       |               16 |             64 |         4.00 |
|  clk_IBUF_BUFG | RAM/U0/synth_options.dist_mem_inst/gen_sp_ram.spram_inst/ram_reg_10496_10751_0_0_i_1_n_0 |                       |               16 |             64 |         4.00 |
|  clk_IBUF_BUFG | RAM/U0/synth_options.dist_mem_inst/gen_sp_ram.spram_inst/ram_reg_12544_12799_0_0_i_1_n_0 |                       |               16 |             64 |         4.00 |
|  clk_IBUF_BUFG | RAM/U0/synth_options.dist_mem_inst/gen_sp_ram.spram_inst/ram_reg_12288_12543_0_0_i_1_n_0 |                       |               16 |             64 |         4.00 |
|  clk_IBUF_BUFG | RAM/U0/synth_options.dist_mem_inst/gen_sp_ram.spram_inst/ram_reg_12032_12287_0_0_i_1_n_0 |                       |               16 |             64 |         4.00 |
|  clk_IBUF_BUFG | RAM/U0/synth_options.dist_mem_inst/gen_sp_ram.spram_inst/ram_reg_11776_12031_0_0_i_1_n_0 |                       |               16 |             64 |         4.00 |
|  clk_IBUF_BUFG | RAM/U0/synth_options.dist_mem_inst/gen_sp_ram.spram_inst/ram_reg_11520_11775_0_0_i_1_n_0 |                       |               16 |             64 |         4.00 |
|  clk_IBUF_BUFG | RAM/U0/synth_options.dist_mem_inst/gen_sp_ram.spram_inst/ram_reg_11264_11519_0_0_i_1_n_0 |                       |               16 |             64 |         4.00 |
|  clk_IBUF_BUFG | RAM/U0/synth_options.dist_mem_inst/gen_sp_ram.spram_inst/ram_reg_11008_11263_0_0_i_1_n_0 |                       |               16 |             64 |         4.00 |
|  clk_IBUF_BUFG | RAM/U0/synth_options.dist_mem_inst/gen_sp_ram.spram_inst/ram_reg_10752_11007_0_0_i_1_n_0 |                       |               16 |             64 |         4.00 |
|  clk_IBUF_BUFG | RAM/U0/synth_options.dist_mem_inst/gen_sp_ram.spram_inst/ram_reg_2048_2303_0_0_i_1_n_0   |                       |               16 |             64 |         4.00 |
|  clk_IBUF_BUFG | RAM/U0/synth_options.dist_mem_inst/gen_sp_ram.spram_inst/ram_reg_1024_1279_0_0_i_1_n_0   |                       |               16 |             64 |         4.00 |
|  clk_IBUF_BUFG | RAM/U0/synth_options.dist_mem_inst/gen_sp_ram.spram_inst/ram_reg_10240_10495_0_0_i_1_n_0 |                       |               16 |             64 |         4.00 |
|  clk_IBUF_BUFG | RAM/U0/synth_options.dist_mem_inst/gen_sp_ram.spram_inst/ram_reg_0_255_0_0_i_1_n_0       |                       |               16 |             64 |         4.00 |
|  clk_IBUF_BUFG | RAM/U0/synth_options.dist_mem_inst/gen_sp_ram.spram_inst/ram_reg_9216_9471_0_0_i_1_n_0   |                       |               16 |             64 |         4.00 |
|  clk_IBUF_BUFG | RAM/U0/synth_options.dist_mem_inst/gen_sp_ram.spram_inst/ram_reg_9472_9727_0_0_i_1_n_0   |                       |               16 |             64 |         4.00 |
|  clk_IBUF_BUFG | RAM/U0/synth_options.dist_mem_inst/gen_sp_ram.spram_inst/ram_reg_9728_9983_0_0_i_1_n_0   |                       |               16 |             64 |         4.00 |
|  clk_IBUF_BUFG | RAM/U0/synth_options.dist_mem_inst/gen_sp_ram.spram_inst/ram_reg_9984_10239_0_0_i_1_n_0  |                       |               16 |             64 |         4.00 |
|  clk_IBUF_BUFG | RAM/U0/synth_options.dist_mem_inst/gen_sp_ram.spram_inst/ram_reg_5120_5375_0_0_i_1_n_0   |                       |               16 |             64 |         4.00 |
|  clk_IBUF_BUFG | RAM/U0/synth_options.dist_mem_inst/gen_sp_ram.spram_inst/ram_reg_1280_1535_0_0_i_1_n_0   |                       |               16 |             64 |         4.00 |
|  clk_IBUF_BUFG | RAM/U0/synth_options.dist_mem_inst/gen_sp_ram.spram_inst/ram_reg_2304_2559_0_0_i_1_n_0   |                       |               16 |             64 |         4.00 |
|  clk_IBUF_BUFG | RAM/U0/synth_options.dist_mem_inst/gen_sp_ram.spram_inst/ram_reg_1792_2047_0_0_i_1_n_0   |                       |               16 |             64 |         4.00 |
|  clk_IBUF_BUFG | RAM/U0/synth_options.dist_mem_inst/gen_sp_ram.spram_inst/ram_reg_16128_16383_0_0_i_1_n_0 |                       |               16 |             64 |         4.00 |
|  clk_IBUF_BUFG | RAM/U0/synth_options.dist_mem_inst/gen_sp_ram.spram_inst/ram_reg_15872_16127_0_0_i_1_n_0 |                       |               16 |             64 |         4.00 |
|  clk_IBUF_BUFG | RAM/U0/synth_options.dist_mem_inst/gen_sp_ram.spram_inst/ram_reg_15616_15871_0_0_i_1_n_0 |                       |               16 |             64 |         4.00 |
|  clk_IBUF_BUFG | RAM/U0/synth_options.dist_mem_inst/gen_sp_ram.spram_inst/ram_reg_1536_1791_0_0_i_1_n_0   |                       |               16 |             64 |         4.00 |
|  clk_IBUF_BUFG | RAM/U0/synth_options.dist_mem_inst/gen_sp_ram.spram_inst/ram_reg_15360_15615_0_0_i_1_n_0 |                       |               16 |             64 |         4.00 |
|  clk_IBUF_BUFG | RAM/U0/synth_options.dist_mem_inst/gen_sp_ram.spram_inst/ram_reg_15104_15359_0_0_i_1_n_0 |                       |               16 |             64 |         4.00 |
|  clk_IBUF_BUFG | RAM/U0/synth_options.dist_mem_inst/gen_sp_ram.spram_inst/ram_reg_14848_15103_0_0_i_1_n_0 |                       |               16 |             64 |         4.00 |
|  clk_IBUF_BUFG | RAM/U0/synth_options.dist_mem_inst/gen_sp_ram.spram_inst/ram_reg_14592_14847_0_0_i_1_n_0 |                       |               16 |             64 |         4.00 |
|  clk_IBUF_BUFG | RAM/U0/synth_options.dist_mem_inst/gen_sp_ram.spram_inst/ram_reg_14336_14591_0_0_i_1_n_0 |                       |               16 |             64 |         4.00 |
|  clk_IBUF_BUFG | RAM/U0/synth_options.dist_mem_inst/gen_sp_ram.spram_inst/ram_reg_14080_14335_0_0_i_1_n_0 |                       |               16 |             64 |         4.00 |
|  clk_IBUF_BUFG | RAM/U0/synth_options.dist_mem_inst/gen_sp_ram.spram_inst/ram_reg_13824_14079_0_0_i_1_n_0 |                       |               16 |             64 |         4.00 |
|  clk_IBUF_BUFG | RAM/U0/synth_options.dist_mem_inst/gen_sp_ram.spram_inst/ram_reg_13568_13823_0_0_i_1_n_0 |                       |               16 |             64 |         4.00 |
|  clk_IBUF_BUFG | RAM/U0/synth_options.dist_mem_inst/gen_sp_ram.spram_inst/ram_reg_13312_13567_0_0_i_1_n_0 |                       |               16 |             64 |         4.00 |
|  clk_IBUF_BUFG | RAM/U0/synth_options.dist_mem_inst/gen_sp_ram.spram_inst/ram_reg_13056_13311_0_0_i_1_n_0 |                       |               16 |             64 |         4.00 |
|  clk_IBUF_BUFG | RAM/U0/synth_options.dist_mem_inst/gen_sp_ram.spram_inst/ram_reg_12800_13055_0_0_i_1_n_0 |                       |               16 |             64 |         4.00 |
|  clk_IBUF_BUFG |                                                                                          |                       |              148 |            247 |         1.67 |
+----------------+------------------------------------------------------------------------------------------+-----------------------+------------------+----------------+--------------+


